SF:lib/data/network/firebase/firestore_service.dart
DA:13,0
DA:14,0
DA:15,0
DA:16,0
DA:19,0
DA:21,0
DA:22,0
DA:25,0
DA:26,0
DA:27,0
DA:28,0
DA:29,0
DA:30,0
DA:31,0
DA:33,0
DA:34,0
DA:35,0
DA:40,0
DA:41,0
DA:42,0
DA:43,0
DA:44,0
DA:45,0
DA:46,0
DA:48,0
DA:49,0
LF:26
LH:0
end_of_record
SF:lib/data/repositories/task_repository_imp.dart
DA:9,1
DA:12,1
DA:14,2
DA:17,1
DA:19,2
DA:22,1
DA:24,2
DA:27,1
DA:29,2
LF:9
LH:9
end_of_record
SF:lib/domain/entities/task_entities.dart
DA:30,0
DA:31,0
LF:2
LH:0
end_of_record
SF:lib/domain/entities/task_entities.g.dart
DA:9,0
DA:10,0
DA:11,0
DA:12,0
DA:13,0
DA:15,0
DA:16,0
DA:17,0
DA:18,0
DA:21,0
DA:22,0
DA:23,0
DA:24,0
DA:25,0
DA:26,0
DA:27,0
DA:28,0
DA:29,0
LF:18
LH:0
end_of_record
SF:lib/data/mappers/task/task_form/task_request_mapper.dart
DA:7,0
DA:8,0
DA:9,0
DA:10,0
DA:11,0
DA:12,0
DA:13,0
DA:14,0
DA:15,0
DA:20,0
DA:22,0
DA:24,0
LF:12
LH:0
end_of_record
SF:lib/data/model/task_create_request.dart
DA:21,0
DA:22,0
LF:2
LH:0
end_of_record
SF:lib/data/model/task_create_request.g.dart
DA:9,0
DA:10,0
DA:11,0
DA:12,0
DA:13,0
DA:15,0
DA:16,0
DA:17,0
DA:18,0
DA:21,0
DA:23,0
DA:24,0
DA:25,0
DA:26,0
DA:27,0
DA:28,0
DA:29,0
DA:30,0
LF:18
LH:0
end_of_record
SF:lib/data/mappers/task/task_form/task_response_mapper.dart
DA:8,0
DA:10,0
DA:11,0
LF:3
LH:0
end_of_record
SF:lib/utilities/converter/timestamp_converter.dart
DA:5,12
DA:7,0
DA:9,0
DA:12,0
DA:13,0
LF:5
LH:1
end_of_record
SF:lib/utilities/extension/firebase_firestore_extension.dart
DA:4,0
LF:1
LH:0
end_of_record
SF:lib/data/network/firebase/firebase_auth_service.dart
DA:8,0
DA:9,0
DA:12,0
DA:13,0
DA:16,0
DA:17,0
LF:6
LH:0
end_of_record
SF:lib/data/repositories/firebase_auth_repository_implement.dart
DA:9,1
DA:12,1
DA:14,2
DA:17,1
DA:19,2
DA:22,1
DA:24,2
LF:7
LH:7
end_of_record
SF:lib/domain/usecase/firebase_auth/get_current_user_usecase.dart
DA:10,0
DA:12,0
DA:14,0
LF:3
LH:0
end_of_record
SF:lib/domain/usecase/firebase_auth/sign_in_anonymously_usercase.dart
DA:10,0
DA:12,0
DA:14,0
LF:3
LH:0
end_of_record
SF:lib/domain/usecase/task/delete_task_usecase.dart
DA:10,0
DA:12,0
DA:14,0
LF:3
LH:0
end_of_record
SF:lib/domain/usecase/task/get_list_task_usecase.dart
DA:10,0
DA:12,0
DA:14,0
LF:3
LH:0
end_of_record
SF:lib/domain/usecase/task/update_task_usecase.dart
DA:10,0
DA:12,0
DA:14,0
LF:3
LH:0
end_of_record
SF:lib/presentation/home/home_cubit.dart
DA:19,1
DA:25,2
DA:29,1
DA:30,2
DA:32,0
DA:34,1
DA:37,1
DA:38,2
DA:41,1
DA:42,3
DA:44,3
DA:45,1
DA:46,2
DA:47,1
DA:48,2
DA:49,2
DA:51,1
DA:52,3
DA:58,0
DA:59,0
DA:65,0
DA:69,0
DA:71,0
DA:73,0
DA:74,0
DA:76,0
DA:80,0
DA:82,0
DA:83,0
DA:84,0
DA:85,0
DA:88,0
DA:89,0
DA:94,1
DA:95,3
DA:96,1
DA:97,3
DA:101,1
DA:102,2
DA:103,3
DA:104,1
DA:105,3
DA:112,1
DA:114,1
DA:119,2
DA:120,1
DA:121,2
DA:124,1
DA:125,3
LF:49
LH:33
end_of_record
SF:lib/presentation/home/home_state.dart
DA:30,1
DA:38,2
DA:39,1
DA:45,1
DA:46,1
DA:49,1
DA:50,1
DA:51,2
DA:52,3
DA:53,3
DA:54,1
DA:57,1
DA:63,1
DA:64,1
DA:65,0
DA:66,0
DA:67,0
DA:68,0
DA:72,0
DA:74,0
DA:75,0
DA:76,0
DA:77,0
DA:78,0
DA:83,1
DA:85,1
DA:86,1
DA:87,1
DA:88,3
DA:89,3
DA:94,0
DA:96,0
DA:97,0
DA:98,0
DA:99,0
DA:100,0
LF:36
LH:20
end_of_record
